[debug] [2026-01-22T22:31:50.354Z] ----------------------------------------------------------------------
[debug] [2026-01-22T22:31:50.363Z] Command:       C:\Program Files\nodejs\node.exe C:\Users\USER\AppData\Roaming\npm\node_modules\firebase-tools\lib\bin\firebase.js deploy
[debug] [2026-01-22T22:31:50.363Z] CLI Version:   15.3.0
[debug] [2026-01-22T22:31:50.364Z] Platform:      win32
[debug] [2026-01-22T22:31:50.364Z] Node Version:  v24.12.0
[debug] [2026-01-22T22:31:50.364Z] Time:          Fri Jan 23 2026 01:31:50 GMT+0300 (East Africa Time)
[debug] [2026-01-22T22:31:50.364Z] ----------------------------------------------------------------------
[debug] 
[debug] [2026-01-22T22:31:52.946Z] > command requires scopes: ["email","openid","https://www.googleapis.com/auth/cloudplatformprojects.readonly","https://www.googleapis.com/auth/firebase","https://www.googleapis.com/auth/cloud-platform"]
[debug] [2026-01-22T22:31:52.947Z] > authorizing via signed-in user (humphreyabwao@gmail.com)
[debug] [2026-01-22T22:31:52.947Z] [iam] checking project ecospark-cfa7a for permissions ["datastore.indexes.create","datastore.indexes.delete","datastore.indexes.list","datastore.indexes.update","firebase.projects.get","firebasedatabase.instances.update","firebasehosting.sites.update"]
[debug] [2026-01-22T22:31:52.948Z] Checked if tokens are valid: true, expires at: 1769124210574
[debug] [2026-01-22T22:31:52.948Z] Checked if tokens are valid: true, expires at: 1769124210574
[debug] [2026-01-22T22:31:52.949Z] >>> [apiv2][query] POST https://cloudresourcemanager.googleapis.com/v1/projects/ecospark-cfa7a:testIamPermissions [none]
[debug] [2026-01-22T22:31:52.949Z] >>> [apiv2][(partial)header] POST https://cloudresourcemanager.googleapis.com/v1/projects/ecospark-cfa7a:testIamPermissions x-goog-quota-user=projects/ecospark-cfa7a
[debug] [2026-01-22T22:31:52.949Z] >>> [apiv2][body] POST https://cloudresourcemanager.googleapis.com/v1/projects/ecospark-cfa7a:testIamPermissions {"permissions":["datastore.indexes.create","datastore.indexes.delete","datastore.indexes.list","datastore.indexes.update","firebase.projects.get","firebasedatabase.instances.update","firebasehosting.sites.update"]}
[debug] [2026-01-22T22:31:54.531Z] <<< [apiv2][status] POST https://cloudresourcemanager.googleapis.com/v1/projects/ecospark-cfa7a:testIamPermissions 200
[debug] [2026-01-22T22:31:54.531Z] <<< [apiv2][body] POST https://cloudresourcemanager.googleapis.com/v1/projects/ecospark-cfa7a:testIamPermissions {"permissions":["datastore.indexes.create","datastore.indexes.delete","datastore.indexes.list","datastore.indexes.update","firebase.projects.get","firebasedatabase.instances.update","firebasehosting.sites.update"]}
[debug] [2026-01-22T22:31:54.532Z] Checked if tokens are valid: true, expires at: 1769124210574
[debug] [2026-01-22T22:31:54.532Z] Checked if tokens are valid: true, expires at: 1769124210574
[debug] [2026-01-22T22:31:54.532Z] >>> [apiv2][query] GET https://firebase.googleapis.com/v1beta1/projects/ecospark-cfa7a [none]
[debug] [2026-01-22T22:31:55.059Z] <<< [apiv2][status] GET https://firebase.googleapis.com/v1beta1/projects/ecospark-cfa7a 200
[debug] [2026-01-22T22:31:55.060Z] <<< [apiv2][body] GET https://firebase.googleapis.com/v1beta1/projects/ecospark-cfa7a {"projectId":"ecospark-cfa7a","projectNumber":"654848550106","displayName":"ecospark","name":"projects/ecospark-cfa7a","resources":{"hostingSite":"ecospark-cfa7a","realtimeDatabaseInstance":"ecospark-cfa7a-default-rtdb"},"state":"ACTIVE","etag":"1_dfa6cb1d-1d00-44d5-9d4e-09c8ca378728"}
[debug] [2026-01-22T22:31:55.060Z] Checked if tokens are valid: true, expires at: 1769124210574
[debug] [2026-01-22T22:31:55.060Z] Checked if tokens are valid: true, expires at: 1769124210574
[debug] [2026-01-22T22:31:55.060Z] >>> [apiv2][query] GET https://firebase.googleapis.com/v1beta1/projects/ecospark-cfa7a [none]
[debug] [2026-01-22T22:31:55.352Z] <<< [apiv2][status] GET https://firebase.googleapis.com/v1beta1/projects/ecospark-cfa7a 200
[debug] [2026-01-22T22:31:55.353Z] <<< [apiv2][body] GET https://firebase.googleapis.com/v1beta1/projects/ecospark-cfa7a {"projectId":"ecospark-cfa7a","projectNumber":"654848550106","displayName":"ecospark","name":"projects/ecospark-cfa7a","resources":{"hostingSite":"ecospark-cfa7a","realtimeDatabaseInstance":"ecospark-cfa7a-default-rtdb"},"state":"ACTIVE","etag":"1_dfa6cb1d-1d00-44d5-9d4e-09c8ca378728"}
[info] 
[info] === Deploying to 'ecospark-cfa7a'...
[info] 
[info] i  deploying database, firestore, hosting 
[info] i  database: checking rules syntax... 
[debug] [2026-01-22T22:31:55.360Z] Checked if tokens are valid: true, expires at: 1769124210574
[debug] [2026-01-22T22:31:55.360Z] Checked if tokens are valid: true, expires at: 1769124210574
[debug] [2026-01-22T22:31:55.360Z] >>> [apiv2][query] GET https://firebasedatabase.googleapis.com/v1beta/projects/ecospark-cfa7a/locations/-/instances/ecospark-cfa7a-default-rtdb [none]
[debug] [2026-01-22T22:31:57.039Z] <<< [apiv2][status] GET https://firebasedatabase.googleapis.com/v1beta/projects/ecospark-cfa7a/locations/-/instances/ecospark-cfa7a-default-rtdb 200
[debug] [2026-01-22T22:31:57.041Z] <<< [apiv2][body] GET https://firebasedatabase.googleapis.com/v1beta/projects/ecospark-cfa7a/locations/-/instances/ecospark-cfa7a-default-rtdb {"name":"projects/654848550106/locations/us-central1/instances/ecospark-cfa7a-default-rtdb","project":"projects/654848550106","databaseUrl":"https://ecospark-cfa7a-default-rtdb.firebaseio.com","type":"DEFAULT_DATABASE","state":"ACTIVE"}
[debug] [2026-01-22T22:31:57.042Z] Checked if tokens are valid: true, expires at: 1769124210574
[debug] [2026-01-22T22:31:57.042Z] Checked if tokens are valid: true, expires at: 1769124210574
[debug] [2026-01-22T22:31:57.042Z] >>> [apiv2][query] PUT https://ecospark-cfa7a-default-rtdb.firebaseio.com/.settings/rules.json dryRun=true
[debug] [2026-01-22T22:31:57.043Z] >>> [apiv2][body] PUT https://ecospark-cfa7a-default-rtdb.firebaseio.com/.settings/rules.json "{\r\n  \"rules\": {\r\n    \".read\": \"auth != null\",\r\n    \".write\": \"auth != null\"\r\n  }\r\n}\r\n"
